<?xml version="1.0" encoding="UTF-8"?>
<!-- Generated by org.testng.reporters.JUnitXMLReporter -->
<testsuite ignored="0" hostname="vivobook-asuslaptop-x512flc-x512fl" failures="0" tests="6" name="Default test" time="48.297" errors="0" timestamp="2024-01-10T13:00:55 IST">
  <testcase classname="Dataportal.MRI_Viewer.ActionsTest" name="launch" time="2.968"/>
  <testcase classname="Dataportal.MRI_Viewer.ActionsTest" name="analytics_Cells" time="35.21"/>
  <testcase classname="Dataportal.MRI_Viewer.ActionsTest" name="Brains_api" time="0.187"/>
  <testcase classname="Dataportal.MRI_Viewer.ActionsTest" name="Maskimage_api" time="0.748"/>
  <testcase classname="Dataportal.MRI_Viewer.ActionsTest" name="MRI_api" time="0.188"/>
  <testcase classname="Dataportal.MRI_Viewer.ActionsTest" name="Public_sections_api" time="6.878"/>
</testsuite> <!-- Default test -->
