<?xml version="1.0" encoding="UTF-8"?>
<!-- Generated by org.testng.reporters.JUnitXMLReporter -->
<testsuite ignored="0" hostname="vivobook-asuslaptop-x512flc-x512fl" failures="0" tests="7" name="Default test" time="53.092" errors="0" timestamp="2024-01-10T14:16:09 IST">
  <testcase classname="Dataportal.MRI_Viewer.ActionsTest" name="launch" time="10.952"/>
  <testcase classname="Dataportal.MRI_Viewer.ActionsTest" name="analytics" time="30.163"/>
  <testcase classname="Dataportal.MRI_Viewer.ActionsTest" name="cell_api" time="2.914"/>
  <testcase classname="Dataportal.MRI_Viewer.ActionsTest" name="Brains_api" time="0.304"/>
  <testcase classname="Dataportal.MRI_Viewer.ActionsTest" name="Maskimage_api" time="0.146"/>
  <testcase classname="Dataportal.MRI_Viewer.ActionsTest" name="MRI_api" time="0.221"/>
  <testcase classname="Dataportal.MRI_Viewer.ActionsTest" name="Public_sections_api" time="7.34"/>
</testsuite> <!-- Default test -->
