<?xml version="1.0" encoding="UTF-8"?>
<testng-results ignored="0" total="2" passed="2" failed="0" skipped="0">
  <reporter-output>
  </reporter-output>
  <suite started-at="2024-01-10T12:22:28 IST" name="Default suite" finished-at="2024-01-10T12:23:11 IST" duration-ms="42716">
    <groups>
    </groups>
    <test started-at="2024-01-10T12:22:28 IST" name="Default test" finished-at="2024-01-10T12:23:11 IST" duration-ms="42716">
      <class name="Dataportal.MRI_Viewer.ActionsTest">
        <test-method is-config="true" signature="setup()[pri:0, instance:Dataportal.MRI_Viewer.ActionsTest@611889f4]" started-at="2024-01-10T12:22:28 IST" name="setup" finished-at="2024-01-10T12:22:29 IST" duration-ms="779" status="PASS">
          <reporter-output>
          </reporter-output>
        </test-method> <!-- setup -->
        <test-method signature="launch()[pri:1, instance:Dataportal.MRI_Viewer.ActionsTest@611889f4]" started-at="2024-01-10T12:22:29 IST" name="launch" finished-at="2024-01-10T12:23:03 IST" duration-ms="33894" status="PASS">
          <reporter-output>
          </reporter-output>
        </test-method> <!-- launch -->
        <test-method signature="Apis()[pri:2, instance:Dataportal.MRI_Viewer.ActionsTest@611889f4]" started-at="2024-01-10T12:23:03 IST" name="Apis" finished-at="2024-01-10T12:23:11 IST" duration-ms="7919" status="PASS">
          <reporter-output>
          </reporter-output>
        </test-method> <!-- Apis -->
        <test-method is-config="true" signature="afterTest()[pri:0, instance:Dataportal.MRI_Viewer.ActionsTest@611889f4]" started-at="2024-01-10T12:23:11 IST" name="afterTest" finished-at="2024-01-10T12:23:11 IST" duration-ms="103" status="PASS">
          <reporter-output>
          </reporter-output>
        </test-method> <!-- afterTest -->
      </class> <!-- Dataportal.MRI_Viewer.ActionsTest -->
    </test> <!-- Default test -->
  </suite> <!-- Default suite -->
</testng-results>
