<?xml version="1.0" encoding="UTF-8"?>
<testng-results ignored="0" total="7" passed="7" failed="0" skipped="0">
  <reporter-output>
  </reporter-output>
  <suite started-at="2024-01-10T14:15:16 IST" name="Default suite" finished-at="2024-01-10T14:16:09 IST" duration-ms="53092">
    <groups>
    </groups>
    <test started-at="2024-01-10T14:15:16 IST" name="Default test" finished-at="2024-01-10T14:16:09 IST" duration-ms="53092">
      <class name="Dataportal.MRI_Viewer.ActionsTest">
        <test-method is-config="true" signature="setup()[pri:0, instance:Dataportal.MRI_Viewer.ActionsTest@1a18644]" started-at="2024-01-10T14:15:16 IST" name="setup" finished-at="2024-01-10T14:15:17 IST" duration-ms="916" status="PASS">
          <reporter-output>
          </reporter-output>
        </test-method> <!-- setup -->
        <test-method signature="launch()[pri:1, instance:Dataportal.MRI_Viewer.ActionsTest@1a18644]" started-at="2024-01-10T14:15:17 IST" name="launch" finished-at="2024-01-10T14:15:28 IST" duration-ms="10952" status="PASS">
          <reporter-output>
          </reporter-output>
        </test-method> <!-- launch -->
        <test-method signature="analytics()[pri:2, instance:Dataportal.MRI_Viewer.ActionsTest@1a18644]" started-at="2024-01-10T14:15:28 IST" name="analytics" finished-at="2024-01-10T14:15:58 IST" duration-ms="30163" status="PASS">
          <reporter-output>
          </reporter-output>
        </test-method> <!-- analytics -->
        <test-method signature="cell_api()[pri:3, instance:Dataportal.MRI_Viewer.ActionsTest@1a18644]" started-at="2024-01-10T14:15:58 IST" name="cell_api" finished-at="2024-01-10T14:16:01 IST" duration-ms="2914" status="PASS">
          <reporter-output>
          </reporter-output>
        </test-method> <!-- cell_api -->
        <test-method signature="Brains_api()[pri:4, instance:Dataportal.MRI_Viewer.ActionsTest@1a18644]" started-at="2024-01-10T14:16:01 IST" name="Brains_api" finished-at="2024-01-10T14:16:01 IST" duration-ms="304" status="PASS">
          <reporter-output>
          </reporter-output>
        </test-method> <!-- Brains_api -->
        <test-method signature="Maskimage_api()[pri:5, instance:Dataportal.MRI_Viewer.ActionsTest@1a18644]" started-at="2024-01-10T14:16:01 IST" name="Maskimage_api" finished-at="2024-01-10T14:16:01 IST" duration-ms="146" status="PASS">
          <reporter-output>
          </reporter-output>
        </test-method> <!-- Maskimage_api -->
        <test-method signature="MRI_api()[pri:6, instance:Dataportal.MRI_Viewer.ActionsTest@1a18644]" started-at="2024-01-10T14:16:01 IST" name="MRI_api" finished-at="2024-01-10T14:16:01 IST" duration-ms="221" status="PASS">
          <reporter-output>
          </reporter-output>
        </test-method> <!-- MRI_api -->
        <test-method signature="Public_sections_api()[pri:7, instance:Dataportal.MRI_Viewer.ActionsTest@1a18644]" started-at="2024-01-10T14:16:01 IST" name="Public_sections_api" finished-at="2024-01-10T14:16:09 IST" duration-ms="7340" status="PASS">
          <reporter-output>
          </reporter-output>
        </test-method> <!-- Public_sections_api -->
        <test-method is-config="true" signature="afterTest()[pri:0, instance:Dataportal.MRI_Viewer.ActionsTest@1a18644]" started-at="2024-01-10T14:16:09 IST" name="afterTest" finished-at="2024-01-10T14:16:09 IST" duration-ms="105" status="PASS">
          <reporter-output>
          </reporter-output>
        </test-method> <!-- afterTest -->
      </class> <!-- Dataportal.MRI_Viewer.ActionsTest -->
    </test> <!-- Default test -->
  </suite> <!-- Default suite -->
</testng-results>
